\BOOKMARK [0][-]{chapter.1}{\376\377\0001\000\040\000T\000o\000d\000o\000\040\000L\000i\000s\000t}{}% 1
\BOOKMARK [0][-]{chapter.2}{\376\377\0002\000\040\000C\000l\000a\000s\000s\000\040\000I\000n\000d\000e\000x}{}% 2
\BOOKMARK [1][-]{section.2.1}{\376\377\0002\000.\0001\000\040\000C\000l\000a\000s\000s\000\040\000L\000i\000s\000t}{chapter.2}% 3
\BOOKMARK [0][-]{chapter.3}{\376\377\0003\000\040\000F\000i\000l\000e\000\040\000I\000n\000d\000e\000x}{}% 4
\BOOKMARK [1][-]{section.3.1}{\376\377\0003\000.\0001\000\040\000F\000i\000l\000e\000\040\000L\000i\000s\000t}{chapter.3}% 5
\BOOKMARK [0][-]{chapter.4}{\376\377\0004\000\040\000C\000l\000a\000s\000s\000\040\000D\000o\000c\000u\000m\000e\000n\000t\000a\000t\000i\000o\000n}{}% 6
\BOOKMARK [1][-]{section.4.1}{\376\377\0004\000.\0001\000\040\000p\000a\000s\000s\000e\000n\000g\000e\000r\000\040\000S\000t\000r\000u\000c\000t\000\040\000R\000e\000f\000e\000r\000e\000n\000c\000e}{chapter.4}% 7
\BOOKMARK [2][-]{subsection.4.1.1}{\376\377\0004\000.\0001\000.\0001\000\040\000D\000e\000t\000a\000i\000l\000e\000d\000\040\000D\000e\000s\000c\000r\000i\000p\000t\000i\000o\000n}{section.4.1}% 8
\BOOKMARK [2][-]{subsection.4.1.2}{\376\377\0004\000.\0001\000.\0002\000\040\000M\000e\000m\000b\000e\000r\000\040\000D\000a\000t\000a\000\040\000D\000o\000c\000u\000m\000e\000n\000t\000a\000t\000i\000o\000n}{section.4.1}% 9
\BOOKMARK [3][-]{subsubsection.4.1.2.1}{\376\377\0004\000.\0001\000.\0002\000.\0001\000\040\000n\000a\000m\000e}{subsection.4.1.2}% 10
\BOOKMARK [3][-]{subsubsection.4.1.2.2}{\376\377\0004\000.\0001\000.\0002\000.\0002\000\040\000p\000L\000e\000f\000t}{subsection.4.1.2}% 11
\BOOKMARK [3][-]{subsubsection.4.1.2.3}{\376\377\0004\000.\0001\000.\0002\000.\0003\000\040\000p\000R\000i\000g\000h\000t}{subsection.4.1.2}% 12
\BOOKMARK [3][-]{subsubsection.4.1.2.4}{\376\377\0004\000.\0001\000.\0002\000.\0004\000\040\000s\000e\000a\000t}{subsection.4.1.2}% 13
\BOOKMARK [1][-]{section.4.2}{\376\377\0004\000.\0002\000\040\000t\000i\000c\000k\000e\000t\000\040\000S\000t\000r\000u\000c\000t\000\040\000R\000e\000f\000e\000r\000e\000n\000c\000e}{chapter.4}% 14
\BOOKMARK [2][-]{subsection.4.2.1}{\376\377\0004\000.\0002\000.\0001\000\040\000D\000e\000t\000a\000i\000l\000e\000d\000\040\000D\000e\000s\000c\000r\000i\000p\000t\000i\000o\000n}{section.4.2}% 15
\BOOKMARK [2][-]{subsection.4.2.2}{\376\377\0004\000.\0002\000.\0002\000\040\000M\000e\000m\000b\000e\000r\000\040\000D\000a\000t\000a\000\040\000D\000o\000c\000u\000m\000e\000n\000t\000a\000t\000i\000o\000n}{section.4.2}% 16
\BOOKMARK [3][-]{subsubsection.4.2.2.1}{\376\377\0004\000.\0002\000.\0002\000.\0001\000\040\000d\000a\000t\000e}{subsection.4.2.2}% 17
\BOOKMARK [3][-]{subsubsection.4.2.2.2}{\376\377\0004\000.\0002\000.\0002\000.\0002\000\040\000f\000l\000i\000g\000h\000t\000I\000D}{subsection.4.2.2}% 18
\BOOKMARK [3][-]{subsubsection.4.2.2.3}{\376\377\0004\000.\0002\000.\0002\000.\0003\000\040\000n\000e\000x\000t}{subsection.4.2.2}% 19
\BOOKMARK [3][-]{subsubsection.4.2.2.4}{\376\377\0004\000.\0002\000.\0002\000.\0004\000\040\000n\000P\000a\000s\000s}{subsection.4.2.2}% 20
\BOOKMARK [3][-]{subsubsection.4.2.2.5}{\376\377\0004\000.\0002\000.\0002\000.\0005\000\040\000o\000r\000i\000g\000i\000n}{subsection.4.2.2}% 21
\BOOKMARK [0][-]{chapter.5}{\376\377\0005\000\040\000F\000i\000l\000e\000\040\000D\000o\000c\000u\000m\000e\000n\000t\000a\000t\000i\000o\000n}{}% 22
\BOOKMARK [1][-]{section.5.1}{\376\377\0005\000.\0001\000\040\000C\000M\000a\000k\000e\000L\000i\000s\000t\000s\000.\000t\000x\000t\000\040\000F\000i\000l\000e\000\040\000R\000e\000f\000e\000r\000e\000n\000c\000e}{chapter.5}% 23
\BOOKMARK [1][-]{section.5.2}{\376\377\0005\000.\0002\000\040\000f\000l\000i\000g\000h\000t\000s\000.\000t\000x\000t\000\040\000F\000i\000l\000e\000\040\000R\000e\000f\000e\000r\000e\000n\000c\000e}{chapter.5}% 24
\BOOKMARK [1][-]{section.5.3}{\376\377\0005\000.\0003\000\040\000f\000u\000n\000c\000t\000i\000o\000n\000s\000.\000c\000p\000p\000\040\000F\000i\000l\000e\000\040\000R\000e\000f\000e\000r\000e\000n\000c\000e}{chapter.5}% 25
\BOOKMARK [2][-]{subsection.5.3.1}{\376\377\0005\000.\0003\000.\0001\000\040\000M\000a\000c\000r\000o\000\040\000D\000e\000f\000i\000n\000i\000t\000i\000o\000n\000\040\000D\000o\000c\000u\000m\000e\000n\000t\000a\000t\000i\000o\000n}{section.5.3}% 26
\BOOKMARK [3][-]{subsubsection.5.3.1.1}{\376\377\0005\000.\0003\000.\0001\000.\0001\000\040\000d\000e\000b\000u\000g}{subsection.5.3.1}% 27
\BOOKMARK [2][-]{subsection.5.3.2}{\376\377\0005\000.\0003\000.\0002\000\040\000F\000u\000n\000c\000t\000i\000o\000n\000\040\000D\000o\000c\000u\000m\000e\000n\000t\000a\000t\000i\000o\000n}{section.5.3}% 28
\BOOKMARK [3][-]{subsubsection.5.3.2.1}{\376\377\0005\000.\0003\000.\0002\000.\0001\000\040\000a\000d\000d\000P\000a\000s\000s\000e\000n\000g\000e\000r\000\050\000\051}{subsection.5.3.2}% 29
\BOOKMARK [3][-]{subsubsection.5.3.2.2}{\376\377\0005\000.\0003\000.\0002\000.\0002\000\040\000a\000d\000d\000T\000i\000c\000k\000e\000t\000\050\000\051}{subsection.5.3.2}% 30
\BOOKMARK [3][-]{subsubsection.5.3.2.3}{\376\377\0005\000.\0003\000.\0002\000.\0003\000\040\000d\000a\000t\000e\000c\000h\000e\000c\000k\000\050\000\051}{subsection.5.3.2}% 31
\BOOKMARK [3][-]{subsubsection.5.3.2.4}{\376\377\0005\000.\0003\000.\0002\000.\0004\000\040\000d\000e\000l\000e\000t\000e\000P\000a\000s\000s\000e\000n\000g\000e\000r\000\050\000\051}{subsection.5.3.2}% 32
\BOOKMARK [3][-]{subsubsection.5.3.2.5}{\376\377\0005\000.\0003\000.\0002\000.\0005\000\040\000d\000e\000l\000e\000t\000e\000T\000i\000c\000k\000e\000t\000\050\000\051}{subsection.5.3.2}% 33
\BOOKMARK [3][-]{subsubsection.5.3.2.6}{\376\377\0005\000.\0003\000.\0002\000.\0006\000\040\000i\000n\000s\000e\000r\000t\000P\000a\000s\000s\000e\000n\000g\000e\000r\000\050\000\051}{subsection.5.3.2}% 34
\BOOKMARK [3][-]{subsubsection.5.3.2.7}{\376\377\0005\000.\0003\000.\0002\000.\0007\000\040\000l\000t\000r\000i\000m\000\050\000\051}{subsection.5.3.2}% 35
\BOOKMARK [3][-]{subsubsection.5.3.2.8}{\376\377\0005\000.\0003\000.\0002\000.\0008\000\040\000m\000a\000k\000e\000T\000X\000T\000f\000i\000l\000e\000\050\000\051}{subsection.5.3.2}% 36
\BOOKMARK [3][-]{subsubsection.5.3.2.9}{\376\377\0005\000.\0003\000.\0002\000.\0009\000\040\000p\000r\000i\000n\000t\000B\000T\000r\000e\000e\000\050\000\051}{subsection.5.3.2}% 37
\BOOKMARK [3][-]{subsubsection.5.3.2.10}{\376\377\0005\000.\0003\000.\0002\000.\0001\0000\000\040\000r\000e\000a\000d\000T\000E\000X\000T\000f\000i\000l\000e\000\050\000\051}{subsection.5.3.2}% 38
\BOOKMARK [3][-]{subsubsection.5.3.2.11}{\376\377\0005\000.\0003\000.\0002\000.\0001\0001\000\040\000r\000t\000r\000i\000m\000\050\000\051}{subsection.5.3.2}% 39
\BOOKMARK [3][-]{subsubsection.5.3.2.12}{\376\377\0005\000.\0003\000.\0002\000.\0001\0002\000\040\000t\000r\000i\000m\000\050\000\051}{subsection.5.3.2}% 40
\BOOKMARK [2][-]{subsection.5.3.3}{\376\377\0005\000.\0003\000.\0003\000\040\000V\000a\000r\000i\000a\000b\000l\000e\000\040\000D\000o\000c\000u\000m\000e\000n\000t\000a\000t\000i\000o\000n}{section.5.3}% 41
\BOOKMARK [3][-]{subsubsection.5.3.3.1}{\376\377\0005\000.\0003\000.\0003\000.\0001\000\040\000W\000H\000I\000T\000E\000S\000P\000A\000C\000E}{subsection.5.3.3}% 42
\BOOKMARK [1][-]{section.5.4}{\376\377\0005\000.\0004\000\040\000f\000u\000n\000c\000t\000i\000o\000n\000s\000.\000h\000\040\000F\000i\000l\000e\000\040\000R\000e\000f\000e\000r\000e\000n\000c\000e}{chapter.5}% 43
\BOOKMARK [2][-]{subsection.5.4.1}{\376\377\0005\000.\0004\000.\0001\000\040\000F\000u\000n\000c\000t\000i\000o\000n\000\040\000D\000o\000c\000u\000m\000e\000n\000t\000a\000t\000i\000o\000n}{section.5.4}% 44
\BOOKMARK [3][-]{subsubsection.5.4.1.1}{\376\377\0005\000.\0004\000.\0001\000.\0001\000\040\000a\000d\000d\000P\000a\000s\000s\000e\000n\000g\000e\000r\000\050\000\051}{subsection.5.4.1}% 45
\BOOKMARK [3][-]{subsubsection.5.4.1.2}{\376\377\0005\000.\0004\000.\0001\000.\0002\000\040\000a\000d\000d\000T\000i\000c\000k\000e\000t\000\050\000\051}{subsection.5.4.1}% 46
\BOOKMARK [3][-]{subsubsection.5.4.1.3}{\376\377\0005\000.\0004\000.\0001\000.\0003\000\040\000d\000e\000l\000e\000t\000e\000P\000a\000s\000s\000e\000n\000g\000e\000r\000\050\000\051}{subsection.5.4.1}% 47
\BOOKMARK [3][-]{subsubsection.5.4.1.4}{\376\377\0005\000.\0004\000.\0001\000.\0004\000\040\000d\000e\000l\000e\000t\000e\000T\000i\000c\000k\000e\000t\000\050\000\051}{subsection.5.4.1}% 48
\BOOKMARK [3][-]{subsubsection.5.4.1.5}{\376\377\0005\000.\0004\000.\0001\000.\0005\000\040\000i\000n\000s\000e\000r\000t\000P\000a\000s\000s\000e\000n\000g\000e\000r\000\050\000\051}{subsection.5.4.1}% 49
\BOOKMARK [3][-]{subsubsection.5.4.1.6}{\376\377\0005\000.\0004\000.\0001\000.\0006\000\040\000m\000a\000k\000e\000T\000X\000T\000f\000i\000l\000e\000\050\000\051}{subsection.5.4.1}% 50
\BOOKMARK [3][-]{subsubsection.5.4.1.7}{\376\377\0005\000.\0004\000.\0001\000.\0007\000\040\000r\000e\000a\000d\000T\000E\000X\000T\000f\000i\000l\000e\000\050\000\051}{subsection.5.4.1}% 51
\BOOKMARK [1][-]{section.5.5}{\376\377\0005\000.\0005\000\040\000m\000a\000i\000n\000.\000c\000p\000p\000\040\000F\000i\000l\000e\000\040\000R\000e\000f\000e\000r\000e\000n\000c\000e}{chapter.5}% 52
\BOOKMARK [2][-]{subsection.5.5.1}{\376\377\0005\000.\0005\000.\0001\000\040\000F\000u\000n\000c\000t\000i\000o\000n\000\040\000D\000o\000c\000u\000m\000e\000n\000t\000a\000t\000i\000o\000n}{section.5.5}% 53
\BOOKMARK [3][-]{subsubsection.5.5.1.1}{\376\377\0005\000.\0005\000.\0001\000.\0001\000\040\000m\000a\000i\000n\000\050\000\051}{subsection.5.5.1}% 54
\BOOKMARK [1][-]{section.5.6}{\376\377\0005\000.\0006\000\040\000s\000t\000r\000u\000c\000t\000u\000r\000e\000s\000.\000h\000\040\000F\000i\000l\000e\000\040\000R\000e\000f\000e\000r\000e\000n\000c\000e}{chapter.5}% 55
\BOOKMARK [0][-]{section*.17}{\376\377\000I\000n\000d\000e\000x}{}% 56
